[03-30 14:44:25]: [INFO] Created column 'regdate' and set the current timestamp, 1680187465972, to all 0 rows
[03-30 14:44:26]: [INFO] SQLite Setup finished
[03-30 14:44:26]: [INFO] No supported permissions system found! Permissions are disabled!
[03-30 14:44:26]: [WARN] WARNING! The protectInventory feature requires ProtocolLib! Disabling it...
[03-30 14:44:27]: [INFO] AuthMe 5.6.0-beta2 build n.2453 successfully enabled!
[03-30 14:44:28]: [INFO] Downloading GEO IP database, because the old database is older than 30 days or doesn't exist
[03-30 14:44:28]: [WARN] No MaxMind credentials found in the configuration file! GeoIp protections will be disabled.
[03-30 14:44:28]: [INFO] There is no newer GEO IP database uploaded to MaxMind. Using the old one for now.
[03-30 14:44:28]: [WARN] Could not download GeoLiteAPI database [FileNotFoundException]: plugins/AuthMe/GeoLite2-Country.mmdb (No such file or directory)
[03-30 14:44:28]: java.io.FileNotFoundException: plugins/AuthMe/GeoLite2-Country.mmdb (No such file or directory)
	at java.io.RandomAccessFile.open0(Native Method)
	at java.io.RandomAccessFile.open(RandomAccessFile.java:316)
	at java.io.RandomAccessFile.<init>(RandomAccessFile.java:243)
	at fr.xephi.authme.libs.com.maxmind.db.BufferHolder.<init>(BufferHolder.java:20)
	at fr.xephi.authme.libs.com.maxmind.db.Reader.<init>(Reader.java:121)
	at fr.xephi.authme.service.GeoIpService.startReading(GeoIpService.java:173)
	at fr.xephi.authme.service.GeoIpService.updateDatabase(GeoIpService.java:144)
	at org.bukkit.craftbukkit.v1_8_R3.scheduler.CraftTask.run(CraftTask.java:59)
	at org.bukkit.craftbukkit.v1_8_R3.scheduler.CraftAsyncTask.run(CraftAsyncTask.java:53)
	at org.github.paperspigot.ServerSchedulerReportingWrapper.run(ServerSchedulerReportingWrapper.java:23)
	at java.util.concurrent.ThreadPoolExecutor.runWorker(ThreadPoolExecutor.java:1149)
	at java.util.concurrent.ThreadPoolExecutor$Worker.run(ThreadPoolExecutor.java:624)
	at java.lang.Thread.run(Thread.java:750)

[03-30 14:54:46]: [INFO] SQLite Setup finished
[03-30 14:54:46]: [INFO] Hooked into LuckPerms!
[03-30 14:54:46]: [INFO] Hooked successfully into Essentials
[03-30 14:54:46]: [INFO] Essentials spawn file not found: '/home/runner/eaglercraft/server/plugins/Essentials/spawn.yml'
[03-30 14:54:47]: [WARN] WARNING! The protectInventory feature requires ProtocolLib! Disabling it...
[03-30 14:54:47]: [INFO] AuthMe 5.6.0-beta2 build n.2453 successfully enabled!
[03-30 14:54:49]: [INFO] Downloading GEO IP database, because the old database is older than 30 days or doesn't exist
[03-30 14:54:49]: [WARN] No MaxMind credentials found in the configuration file! GeoIp protections will be disabled.
[03-30 14:54:49]: [INFO] There is no newer GEO IP database uploaded to MaxMind. Using the old one for now.
[03-30 14:54:49]: [WARN] Could not download GeoLiteAPI database [FileNotFoundException]: plugins/AuthMe/GeoLite2-Country.mmdb (No such file or directory)
[03-30 14:54:49]: java.io.FileNotFoundException: plugins/AuthMe/GeoLite2-Country.mmdb (No such file or directory)
	at java.io.RandomAccessFile.open0(Native Method)
	at java.io.RandomAccessFile.open(RandomAccessFile.java:316)
	at java.io.RandomAccessFile.<init>(RandomAccessFile.java:243)
	at fr.xephi.authme.libs.com.maxmind.db.BufferHolder.<init>(BufferHolder.java:20)
	at fr.xephi.authme.libs.com.maxmind.db.Reader.<init>(Reader.java:121)
	at fr.xephi.authme.service.GeoIpService.startReading(GeoIpService.java:173)
	at fr.xephi.authme.service.GeoIpService.updateDatabase(GeoIpService.java:144)
	at org.bukkit.craftbukkit.v1_8_R3.scheduler.CraftTask.run(CraftTask.java:59)
	at org.bukkit.craftbukkit.v1_8_R3.scheduler.CraftAsyncTask.run(CraftAsyncTask.java:53)
	at org.github.paperspigot.ServerSchedulerReportingWrapper.run(ServerSchedulerReportingWrapper.java:23)
	at java.util.concurrent.ThreadPoolExecutor.runWorker(ThreadPoolExecutor.java:1149)
	at java.util.concurrent.ThreadPoolExecutor$Worker.run(ThreadPoolExecutor.java:624)
	at java.lang.Thread.run(Thread.java:750)

[03-30 15:00:09]: [FINE] Silverwolf69 registered 127.0.0.1
[03-30 15:00:09]: [FINE] Silverwolf69 logged in 127.0.0.1
[03-30 15:10:21]: [INFO] SQLite Setup finished
[03-30 15:10:21]: [INFO] Hooked into LuckPerms!
[03-30 15:10:22]: [INFO] Hooked successfully into Essentials
[03-30 15:10:22]: [INFO] Essentials spawn file not found: '/home/runner/eaglercraft/server/plugins/Essentials/spawn.yml'
[03-30 15:10:22]: [WARN] WARNING! The protectInventory feature requires ProtocolLib! Disabling it...
[03-30 15:10:22]: [INFO] AuthMe 5.6.0-beta2 build n.2453 successfully enabled!
[03-30 15:10:24]: [INFO] Downloading GEO IP database, because the old database is older than 30 days or doesn't exist
[03-30 15:10:24]: [WARN] No MaxMind credentials found in the configuration file! GeoIp protections will be disabled.
[03-30 15:10:24]: [INFO] There is no newer GEO IP database uploaded to MaxMind. Using the old one for now.
[03-30 15:10:24]: [WARN] Could not download GeoLiteAPI database [FileNotFoundException]: plugins/AuthMe/GeoLite2-Country.mmdb (No such file or directory)
[03-30 15:10:24]: java.io.FileNotFoundException: plugins/AuthMe/GeoLite2-Country.mmdb (No such file or directory)
	at java.io.RandomAccessFile.open0(Native Method)
	at java.io.RandomAccessFile.open(RandomAccessFile.java:316)
	at java.io.RandomAccessFile.<init>(RandomAccessFile.java:243)
	at fr.xephi.authme.libs.com.maxmind.db.BufferHolder.<init>(BufferHolder.java:20)
	at fr.xephi.authme.libs.com.maxmind.db.Reader.<init>(Reader.java:121)
	at fr.xephi.authme.service.GeoIpService.startReading(GeoIpService.java:173)
	at fr.xephi.authme.service.GeoIpService.updateDatabase(GeoIpService.java:144)
	at org.bukkit.craftbukkit.v1_8_R3.scheduler.CraftTask.run(CraftTask.java:59)
	at org.bukkit.craftbukkit.v1_8_R3.scheduler.CraftAsyncTask.run(CraftAsyncTask.java:53)
	at org.github.paperspigot.ServerSchedulerReportingWrapper.run(ServerSchedulerReportingWrapper.java:23)
	at java.util.concurrent.ThreadPoolExecutor.runWorker(ThreadPoolExecutor.java:1149)
	at java.util.concurrent.ThreadPoolExecutor$Worker.run(ThreadPoolExecutor.java:624)
	at java.lang.Thread.run(Thread.java:750)

[03-31 11:55:38]: [INFO] SQLite Setup finished
[03-31 11:55:38]: [INFO] Hooked into LuckPerms!
[03-31 11:55:38]: [INFO] Hooked successfully into Essentials
[03-31 11:55:38]: [INFO] Essentials spawn file not found: '/home/runner/eaglercraft/server/plugins/Essentials/spawn.yml'
[03-31 11:55:39]: [WARN] WARNING! The protectInventory feature requires ProtocolLib! Disabling it...
[03-31 11:55:39]: [INFO] AuthMe 5.6.0-beta2 build n.2453 successfully enabled!
[03-31 11:55:41]: [INFO] Downloading GEO IP database, because the old database is older than 30 days or doesn't exist
[03-31 11:55:41]: [WARN] No MaxMind credentials found in the configuration file! GeoIp protections will be disabled.
[03-31 11:55:41]: [INFO] There is no newer GEO IP database uploaded to MaxMind. Using the old one for now.
[03-31 11:55:41]: [WARN] Could not download GeoLiteAPI database [FileNotFoundException]: plugins/AuthMe/GeoLite2-Country.mmdb (No such file or directory)
[03-31 11:55:41]: java.io.FileNotFoundException: plugins/AuthMe/GeoLite2-Country.mmdb (No such file or directory)
	at java.io.RandomAccessFile.open0(Native Method)
	at java.io.RandomAccessFile.open(RandomAccessFile.java:316)
	at java.io.RandomAccessFile.<init>(RandomAccessFile.java:243)
	at fr.xephi.authme.libs.com.maxmind.db.BufferHolder.<init>(BufferHolder.java:20)
	at fr.xephi.authme.libs.com.maxmind.db.Reader.<init>(Reader.java:121)
	at fr.xephi.authme.service.GeoIpService.startReading(GeoIpService.java:173)
	at fr.xephi.authme.service.GeoIpService.updateDatabase(GeoIpService.java:144)
	at org.bukkit.craftbukkit.v1_8_R3.scheduler.CraftTask.run(CraftTask.java:59)
	at org.bukkit.craftbukkit.v1_8_R3.scheduler.CraftAsyncTask.run(CraftAsyncTask.java:53)
	at org.github.paperspigot.ServerSchedulerReportingWrapper.run(ServerSchedulerReportingWrapper.java:23)
	at java.util.concurrent.ThreadPoolExecutor.runWorker(ThreadPoolExecutor.java:1149)
	at java.util.concurrent.ThreadPoolExecutor$Worker.run(ThreadPoolExecutor.java:624)
	at java.lang.Thread.run(Thread.java:750)

[03-31 18:01:11]: [INFO] SQLite Setup finished
[03-31 18:01:12]: [INFO] Hooked into LuckPerms!
[03-31 18:01:12]: [INFO] Hooked successfully into Essentials
[03-31 18:01:12]: [INFO] Essentials spawn file not found: '/home/runner/eaglercraft/server/plugins/Essentials/spawn.yml'
[03-31 18:01:13]: [WARN] WARNING! The protectInventory feature requires ProtocolLib! Disabling it...
[03-31 18:01:13]: [INFO] AuthMe 5.6.0-beta2 build n.2453 successfully enabled!
[03-31 18:01:16]: [INFO] Downloading GEO IP database, because the old database is older than 30 days or doesn't exist
[03-31 18:01:16]: [WARN] No MaxMind credentials found in the configuration file! GeoIp protections will be disabled.
[03-31 18:01:16]: [INFO] There is no newer GEO IP database uploaded to MaxMind. Using the old one for now.
[03-31 18:01:16]: [WARN] Could not download GeoLiteAPI database [FileNotFoundException]: plugins/AuthMe/GeoLite2-Country.mmdb (No such file or directory)
[03-31 18:01:16]: java.io.FileNotFoundException: plugins/AuthMe/GeoLite2-Country.mmdb (No such file or directory)
	at java.io.RandomAccessFile.open0(Native Method)
	at java.io.RandomAccessFile.open(RandomAccessFile.java:316)
	at java.io.RandomAccessFile.<init>(RandomAccessFile.java:243)
	at fr.xephi.authme.libs.com.maxmind.db.BufferHolder.<init>(BufferHolder.java:20)
	at fr.xephi.authme.libs.com.maxmind.db.Reader.<init>(Reader.java:121)
	at fr.xephi.authme.service.GeoIpService.startReading(GeoIpService.java:173)
	at fr.xephi.authme.service.GeoIpService.updateDatabase(GeoIpService.java:144)
	at org.bukkit.craftbukkit.v1_8_R3.scheduler.CraftTask.run(CraftTask.java:59)
	at org.bukkit.craftbukkit.v1_8_R3.scheduler.CraftAsyncTask.run(CraftAsyncTask.java:53)
	at org.github.paperspigot.ServerSchedulerReportingWrapper.run(ServerSchedulerReportingWrapper.java:23)
	at java.util.concurrent.ThreadPoolExecutor.runWorker(ThreadPoolExecutor.java:1149)
	at java.util.concurrent.ThreadPoolExecutor$Worker.run(ThreadPoolExecutor.java:624)
	at java.lang.Thread.run(Thread.java:750)

[03-31 20:33:29]: [INFO] SQLite Setup finished
[03-31 20:33:29]: [INFO] Hooked into LuckPerms!
[03-31 20:33:29]: [INFO] Hooked successfully into Essentials
[03-31 20:33:29]: [INFO] Essentials spawn file not found: '/home/runner/eaglercraft/server/plugins/Essentials/spawn.yml'
[03-31 20:33:30]: [WARN] WARNING! The protectInventory feature requires ProtocolLib! Disabling it...
[03-31 20:33:30]: [INFO] AuthMe 5.6.0-beta2 build n.2453 successfully enabled!
[03-31 20:33:32]: [INFO] Downloading GEO IP database, because the old database is older than 30 days or doesn't exist
[03-31 20:33:32]: [WARN] No MaxMind credentials found in the configuration file! GeoIp protections will be disabled.
[03-31 20:33:32]: [INFO] There is no newer GEO IP database uploaded to MaxMind. Using the old one for now.
[03-31 20:33:32]: [WARN] Could not download GeoLiteAPI database [FileNotFoundException]: plugins/AuthMe/GeoLite2-Country.mmdb (No such file or directory)
[03-31 20:33:32]: java.io.FileNotFoundException: plugins/AuthMe/GeoLite2-Country.mmdb (No such file or directory)
	at java.io.RandomAccessFile.open0(Native Method)
	at java.io.RandomAccessFile.open(RandomAccessFile.java:316)
	at java.io.RandomAccessFile.<init>(RandomAccessFile.java:243)
	at fr.xephi.authme.libs.com.maxmind.db.BufferHolder.<init>(BufferHolder.java:20)
	at fr.xephi.authme.libs.com.maxmind.db.Reader.<init>(Reader.java:121)
	at fr.xephi.authme.service.GeoIpService.startReading(GeoIpService.java:173)
	at fr.xephi.authme.service.GeoIpService.updateDatabase(GeoIpService.java:144)
	at org.bukkit.craftbukkit.v1_8_R3.scheduler.CraftTask.run(CraftTask.java:59)
	at org.bukkit.craftbukkit.v1_8_R3.scheduler.CraftAsyncTask.run(CraftAsyncTask.java:53)
	at org.github.paperspigot.ServerSchedulerReportingWrapper.run(ServerSchedulerReportingWrapper.java:23)
	at java.util.concurrent.ThreadPoolExecutor.runWorker(ThreadPoolExecutor.java:1149)
	at java.util.concurrent.ThreadPoolExecutor$Worker.run(ThreadPoolExecutor.java:624)
	at java.lang.Thread.run(Thread.java:750)

[03-31 22:20:15]: [INFO] SQLite Setup finished
[03-31 22:20:15]: [INFO] Hooked into LuckPerms!
[03-31 22:20:15]: [INFO] Hooked successfully into Essentials
[03-31 22:20:15]: [INFO] Essentials spawn file not found: '/home/runner/eaglercraft/server/plugins/Essentials/spawn.yml'
[03-31 22:20:16]: [WARN] WARNING! The protectInventory feature requires ProtocolLib! Disabling it...
[03-31 22:20:17]: [INFO] AuthMe 5.6.0-beta2 build n.2453 successfully enabled!
[03-31 22:20:19]: [INFO] Downloading GEO IP database, because the old database is older than 30 days or doesn't exist
[03-31 22:20:19]: [WARN] No MaxMind credentials found in the configuration file! GeoIp protections will be disabled.
[03-31 22:20:19]: [INFO] There is no newer GEO IP database uploaded to MaxMind. Using the old one for now.
[03-31 22:20:19]: [WARN] Could not download GeoLiteAPI database [FileNotFoundException]: plugins/AuthMe/GeoLite2-Country.mmdb (No such file or directory)
[03-31 22:20:19]: java.io.FileNotFoundException: plugins/AuthMe/GeoLite2-Country.mmdb (No such file or directory)
	at java.io.RandomAccessFile.open0(Native Method)
	at java.io.RandomAccessFile.open(RandomAccessFile.java:316)
	at java.io.RandomAccessFile.<init>(RandomAccessFile.java:243)
	at fr.xephi.authme.libs.com.maxmind.db.BufferHolder.<init>(BufferHolder.java:20)
	at fr.xephi.authme.libs.com.maxmind.db.Reader.<init>(Reader.java:121)
	at fr.xephi.authme.service.GeoIpService.startReading(GeoIpService.java:173)
	at fr.xephi.authme.service.GeoIpService.updateDatabase(GeoIpService.java:144)
	at org.bukkit.craftbukkit.v1_8_R3.scheduler.CraftTask.run(CraftTask.java:59)
	at org.bukkit.craftbukkit.v1_8_R3.scheduler.CraftAsyncTask.run(CraftAsyncTask.java:53)
	at org.github.paperspigot.ServerSchedulerReportingWrapper.run(ServerSchedulerReportingWrapper.java:23)
	at java.util.concurrent.ThreadPoolExecutor.runWorker(ThreadPoolExecutor.java:1149)
	at java.util.concurrent.ThreadPoolExecutor$Worker.run(ThreadPoolExecutor.java:624)
	at java.lang.Thread.run(Thread.java:750)

[04-01 11:27:10]: [INFO] SQLite Setup finished
[04-01 11:27:10]: [INFO] Hooked into LuckPerms!
[04-01 11:27:11]: [INFO] Hooked successfully into Essentials
[04-01 11:27:11]: [INFO] Essentials spawn file not found: '/home/runner/eaglercraft/server/plugins/Essentials/spawn.yml'
[04-01 11:27:11]: [WARN] WARNING! The protectInventory feature requires ProtocolLib! Disabling it...
[04-01 11:27:13]: [INFO] AuthMe 5.6.0-beta2 build n.2453 successfully enabled!
[04-01 11:27:15]: [INFO] Downloading GEO IP database, because the old database is older than 30 days or doesn't exist
[04-01 11:27:15]: [WARN] No MaxMind credentials found in the configuration file! GeoIp protections will be disabled.
[04-01 11:27:15]: [INFO] There is no newer GEO IP database uploaded to MaxMind. Using the old one for now.
[04-01 11:27:15]: [WARN] Could not download GeoLiteAPI database [FileNotFoundException]: plugins/AuthMe/GeoLite2-Country.mmdb (No such file or directory)
[04-01 11:27:15]: java.io.FileNotFoundException: plugins/AuthMe/GeoLite2-Country.mmdb (No such file or directory)
	at java.io.RandomAccessFile.open0(Native Method)
	at java.io.RandomAccessFile.open(RandomAccessFile.java:316)
	at java.io.RandomAccessFile.<init>(RandomAccessFile.java:243)
	at fr.xephi.authme.libs.com.maxmind.db.BufferHolder.<init>(BufferHolder.java:20)
	at fr.xephi.authme.libs.com.maxmind.db.Reader.<init>(Reader.java:121)
	at fr.xephi.authme.service.GeoIpService.startReading(GeoIpService.java:173)
	at fr.xephi.authme.service.GeoIpService.updateDatabase(GeoIpService.java:144)
	at org.bukkit.craftbukkit.v1_8_R3.scheduler.CraftTask.run(CraftTask.java:59)
	at org.bukkit.craftbukkit.v1_8_R3.scheduler.CraftAsyncTask.run(CraftAsyncTask.java:53)
	at org.github.paperspigot.ServerSchedulerReportingWrapper.run(ServerSchedulerReportingWrapper.java:23)
	at java.util.concurrent.ThreadPoolExecutor.runWorker(ThreadPoolExecutor.java:1149)
	at java.util.concurrent.ThreadPoolExecutor$Worker.run(ThreadPoolExecutor.java:624)
	at java.lang.Thread.run(Thread.java:750)

[04-09 06:46:52]: [INFO] SQLite Setup finished
[04-09 06:46:53]: [INFO] Hooked into LuckPerms!
[04-09 06:46:53]: [INFO] Hooked successfully into Essentials
[04-09 06:46:53]: [INFO] Essentials spawn file not found: '/home/runner/eaglercraft/server/plugins/Essentials/spawn.yml'
[04-09 06:46:54]: [WARN] WARNING! The protectInventory feature requires ProtocolLib! Disabling it...
[04-09 06:46:55]: [INFO] AuthMe 5.6.0-beta2 build n.2453 successfully enabled!
[04-09 06:46:59]: [INFO] Downloading GEO IP database, because the old database is older than 30 days or doesn't exist
[04-09 06:46:59]: [WARN] No MaxMind credentials found in the configuration file! GeoIp protections will be disabled.
[04-09 06:46:59]: [INFO] There is no newer GEO IP database uploaded to MaxMind. Using the old one for now.
[04-09 06:46:59]: [WARN] Could not download GeoLiteAPI database [FileNotFoundException]: plugins/AuthMe/GeoLite2-Country.mmdb (No such file or directory)
[04-09 06:46:59]: java.io.FileNotFoundException: plugins/AuthMe/GeoLite2-Country.mmdb (No such file or directory)
	at java.io.RandomAccessFile.open0(Native Method)
	at java.io.RandomAccessFile.open(RandomAccessFile.java:316)
	at java.io.RandomAccessFile.<init>(RandomAccessFile.java:243)
	at fr.xephi.authme.libs.com.maxmind.db.BufferHolder.<init>(BufferHolder.java:20)
	at fr.xephi.authme.libs.com.maxmind.db.Reader.<init>(Reader.java:121)
	at fr.xephi.authme.service.GeoIpService.startReading(GeoIpService.java:173)
	at fr.xephi.authme.service.GeoIpService.updateDatabase(GeoIpService.java:144)
	at org.bukkit.craftbukkit.v1_8_R3.scheduler.CraftTask.run(CraftTask.java:59)
	at org.bukkit.craftbukkit.v1_8_R3.scheduler.CraftAsyncTask.run(CraftAsyncTask.java:53)
	at org.github.paperspigot.ServerSchedulerReportingWrapper.run(ServerSchedulerReportingWrapper.java:23)
	at java.util.concurrent.ThreadPoolExecutor.runWorker(ThreadPoolExecutor.java:1149)
	at java.util.concurrent.ThreadPoolExecutor$Worker.run(ThreadPoolExecutor.java:624)
	at java.lang.Thread.run(Thread.java:750)

[04-18 12:24:56]: [INFO] SQLite Setup finished
[04-18 12:24:57]: [INFO] Hooked into LuckPerms!
[04-18 12:24:57]: [INFO] Hooked successfully into Essentials
[04-18 12:24:57]: [INFO] Essentials spawn file not found: '/home/runner/eaglercraft/server/plugins/Essentials/spawn.yml'
[04-18 12:24:57]: [WARN] WARNING! The protectInventory feature requires ProtocolLib! Disabling it...
[04-18 12:24:58]: [INFO] AuthMe 5.6.0-beta2 build n.2453 successfully enabled!
[04-18 12:25:00]: [INFO] Downloading GEO IP database, because the old database is older than 30 days or doesn't exist
[04-18 12:25:00]: [WARN] No MaxMind credentials found in the configuration file! GeoIp protections will be disabled.
[04-18 12:25:00]: [INFO] There is no newer GEO IP database uploaded to MaxMind. Using the old one for now.
[04-18 12:25:00]: [WARN] Could not download GeoLiteAPI database [FileNotFoundException]: plugins/AuthMe/GeoLite2-Country.mmdb (No such file or directory)
[04-18 12:25:00]: java.io.FileNotFoundException: plugins/AuthMe/GeoLite2-Country.mmdb (No such file or directory)
	at java.io.RandomAccessFile.open0(Native Method)
	at java.io.RandomAccessFile.open(RandomAccessFile.java:316)
	at java.io.RandomAccessFile.<init>(RandomAccessFile.java:243)
	at fr.xephi.authme.libs.com.maxmind.db.BufferHolder.<init>(BufferHolder.java:20)
	at fr.xephi.authme.libs.com.maxmind.db.Reader.<init>(Reader.java:121)
	at fr.xephi.authme.service.GeoIpService.startReading(GeoIpService.java:173)
	at fr.xephi.authme.service.GeoIpService.updateDatabase(GeoIpService.java:144)
	at org.bukkit.craftbukkit.v1_8_R3.scheduler.CraftTask.run(CraftTask.java:59)
	at org.bukkit.craftbukkit.v1_8_R3.scheduler.CraftAsyncTask.run(CraftAsyncTask.java:53)
	at org.github.paperspigot.ServerSchedulerReportingWrapper.run(ServerSchedulerReportingWrapper.java:23)
	at java.util.concurrent.ThreadPoolExecutor.runWorker(ThreadPoolExecutor.java:1149)
	at java.util.concurrent.ThreadPoolExecutor$Worker.run(ThreadPoolExecutor.java:624)
	at java.lang.Thread.run(Thread.java:750)

[04-18 14:13:54]: [INFO] SQLite Setup finished
[04-18 14:13:55]: [INFO] Hooked into LuckPerms!
[04-18 14:13:56]: [INFO] Hooked successfully into Essentials
[04-18 14:13:56]: [INFO] Essentials spawn file not found: '/home/runner/eaglercraft/server/plugins/Essentials/spawn.yml'
[04-18 14:13:57]: [WARN] WARNING! The protectInventory feature requires ProtocolLib! Disabling it...
[04-18 14:14:00]: [INFO] AuthMe 5.6.0-beta2 build n.2453 successfully enabled!
[04-18 14:14:05]: [INFO] Downloading GEO IP database, because the old database is older than 30 days or doesn't exist
[04-18 14:14:05]: [WARN] No MaxMind credentials found in the configuration file! GeoIp protections will be disabled.
[04-18 14:14:05]: [INFO] There is no newer GEO IP database uploaded to MaxMind. Using the old one for now.
[04-18 14:14:05]: [WARN] Could not download GeoLiteAPI database [FileNotFoundException]: plugins/AuthMe/GeoLite2-Country.mmdb (No such file or directory)
[04-18 14:14:05]: java.io.FileNotFoundException: plugins/AuthMe/GeoLite2-Country.mmdb (No such file or directory)
	at java.io.RandomAccessFile.open0(Native Method)
	at java.io.RandomAccessFile.open(RandomAccessFile.java:316)
	at java.io.RandomAccessFile.<init>(RandomAccessFile.java:243)
	at fr.xephi.authme.libs.com.maxmind.db.BufferHolder.<init>(BufferHolder.java:20)
	at fr.xephi.authme.libs.com.maxmind.db.Reader.<init>(Reader.java:121)
	at fr.xephi.authme.service.GeoIpService.startReading(GeoIpService.java:173)
	at fr.xephi.authme.service.GeoIpService.updateDatabase(GeoIpService.java:144)
	at org.bukkit.craftbukkit.v1_8_R3.scheduler.CraftTask.run(CraftTask.java:59)
	at org.bukkit.craftbukkit.v1_8_R3.scheduler.CraftAsyncTask.run(CraftAsyncTask.java:53)
	at org.github.paperspigot.ServerSchedulerReportingWrapper.run(ServerSchedulerReportingWrapper.java:23)
	at java.util.concurrent.ThreadPoolExecutor.runWorker(ThreadPoolExecutor.java:1149)
	at java.util.concurrent.ThreadPoolExecutor$Worker.run(ThreadPoolExecutor.java:624)
	at java.lang.Thread.run(Thread.java:750)

[04-18 14:24:39]: [FINE] Silverwolf69 used the wrong password
[04-18 14:24:53]: [FINE] Silverwolf69 used the wrong password
[04-18 14:26:49]: [INFO] AuthMe 5.6.0-beta2-b2453 disabled!
[04-18 14:38:15]: [INFO] SQLite Setup finished
[04-18 14:38:15]: [INFO] Hooked into LuckPerms!
[04-18 14:38:15]: [INFO] Hooked successfully into Essentials
[04-18 14:38:15]: [INFO] Essentials spawn file not found: '/home/runner/eaglercraft/server/plugins/Essentials/spawn.yml'
[04-18 14:38:15]: [WARN] WARNING! The protectInventory feature requires ProtocolLib! Disabling it...
[04-18 14:38:16]: [INFO] AuthMe 5.6.0-beta2 build n.2453 successfully enabled!
[04-18 14:38:17]: [INFO] Downloading GEO IP database, because the old database is older than 30 days or doesn't exist
[04-18 14:38:17]: [WARN] No MaxMind credentials found in the configuration file! GeoIp protections will be disabled.
[04-18 14:38:17]: [INFO] There is no newer GEO IP database uploaded to MaxMind. Using the old one for now.
[04-18 14:38:17]: [WARN] Could not download GeoLiteAPI database [FileNotFoundException]: plugins/AuthMe/GeoLite2-Country.mmdb (No such file or directory)
[04-18 14:38:17]: java.io.FileNotFoundException: plugins/AuthMe/GeoLite2-Country.mmdb (No such file or directory)
	at java.io.RandomAccessFile.open0(Native Method)
	at java.io.RandomAccessFile.open(RandomAccessFile.java:316)
	at java.io.RandomAccessFile.<init>(RandomAccessFile.java:243)
	at fr.xephi.authme.libs.com.maxmind.db.BufferHolder.<init>(BufferHolder.java:20)
	at fr.xephi.authme.libs.com.maxmind.db.Reader.<init>(Reader.java:121)
	at fr.xephi.authme.service.GeoIpService.startReading(GeoIpService.java:173)
	at fr.xephi.authme.service.GeoIpService.updateDatabase(GeoIpService.java:144)
	at org.bukkit.craftbukkit.v1_8_R3.scheduler.CraftTask.run(CraftTask.java:59)
	at org.bukkit.craftbukkit.v1_8_R3.scheduler.CraftAsyncTask.run(CraftAsyncTask.java:53)
	at org.github.paperspigot.ServerSchedulerReportingWrapper.run(ServerSchedulerReportingWrapper.java:23)
	at java.util.concurrent.ThreadPoolExecutor.runWorker(ThreadPoolExecutor.java:1149)
	at java.util.concurrent.ThreadPoolExecutor$Worker.run(ThreadPoolExecutor.java:624)
	at java.lang.Thread.run(Thread.java:750)

[04-19 11:43:05]: [INFO] SQLite Setup finished
[04-19 11:43:06]: [INFO] Hooked into LuckPerms!
[04-19 11:43:06]: [INFO] Hooked successfully into Essentials
[04-19 11:43:06]: [INFO] Essentials spawn file not found: '/home/runner/eaglercraft/server/plugins/Essentials/spawn.yml'
[04-19 11:43:06]: [WARN] WARNING! The protectInventory feature requires ProtocolLib! Disabling it...
[04-19 11:43:07]: [INFO] AuthMe 5.6.0-beta2 build n.2453 successfully enabled!
[04-19 11:43:08]: [INFO] Downloading GEO IP database, because the old database is older than 30 days or doesn't exist
[04-19 11:43:08]: [WARN] No MaxMind credentials found in the configuration file! GeoIp protections will be disabled.
[04-19 11:43:08]: [INFO] There is no newer GEO IP database uploaded to MaxMind. Using the old one for now.
[04-19 11:43:08]: [WARN] Could not download GeoLiteAPI database [FileNotFoundException]: plugins/AuthMe/GeoLite2-Country.mmdb (No such file or directory)
[04-19 11:43:08]: java.io.FileNotFoundException: plugins/AuthMe/GeoLite2-Country.mmdb (No such file or directory)
	at java.io.RandomAccessFile.open0(Native Method)
	at java.io.RandomAccessFile.open(RandomAccessFile.java:316)
	at java.io.RandomAccessFile.<init>(RandomAccessFile.java:243)
	at fr.xephi.authme.libs.com.maxmind.db.BufferHolder.<init>(BufferHolder.java:20)
	at fr.xephi.authme.libs.com.maxmind.db.Reader.<init>(Reader.java:121)
	at fr.xephi.authme.service.GeoIpService.startReading(GeoIpService.java:173)
	at fr.xephi.authme.service.GeoIpService.updateDatabase(GeoIpService.java:144)
	at org.bukkit.craftbukkit.v1_8_R3.scheduler.CraftTask.run(CraftTask.java:59)
	at org.bukkit.craftbukkit.v1_8_R3.scheduler.CraftAsyncTask.run(CraftAsyncTask.java:53)
	at org.github.paperspigot.ServerSchedulerReportingWrapper.run(ServerSchedulerReportingWrapper.java:23)
	at java.util.concurrent.ThreadPoolExecutor.runWorker(ThreadPoolExecutor.java:1149)
	at java.util.concurrent.ThreadPoolExecutor$Worker.run(ThreadPoolExecutor.java:624)
	at java.lang.Thread.run(Thread.java:750)

[04-19 14:18:58]: [INFO] SQLite Setup finished
[04-19 14:18:58]: [INFO] Hooked into LuckPerms!
[04-19 14:18:59]: [INFO] Hooked successfully into Essentials
[04-19 14:18:59]: [INFO] Essentials spawn file not found: '/home/runner/eaglercraft/server/plugins/Essentials/spawn.yml'
[04-19 14:18:59]: [WARN] WARNING! The protectInventory feature requires ProtocolLib! Disabling it...
[04-19 14:19:00]: [INFO] AuthMe 5.6.0-beta2 build n.2453 successfully enabled!
[04-19 14:19:03]: [INFO] Downloading GEO IP database, because the old database is older than 30 days or doesn't exist
[04-19 14:19:03]: [WARN] No MaxMind credentials found in the configuration file! GeoIp protections will be disabled.
[04-19 14:19:03]: [INFO] There is no newer GEO IP database uploaded to MaxMind. Using the old one for now.
[04-19 14:19:03]: [WARN] Could not download GeoLiteAPI database [FileNotFoundException]: plugins/AuthMe/GeoLite2-Country.mmdb (No such file or directory)
[04-19 14:19:03]: java.io.FileNotFoundException: plugins/AuthMe/GeoLite2-Country.mmdb (No such file or directory)
	at java.io.RandomAccessFile.open0(Native Method)
	at java.io.RandomAccessFile.open(RandomAccessFile.java:316)
	at java.io.RandomAccessFile.<init>(RandomAccessFile.java:243)
	at fr.xephi.authme.libs.com.maxmind.db.BufferHolder.<init>(BufferHolder.java:20)
	at fr.xephi.authme.libs.com.maxmind.db.Reader.<init>(Reader.java:121)
	at fr.xephi.authme.service.GeoIpService.startReading(GeoIpService.java:173)
	at fr.xephi.authme.service.GeoIpService.updateDatabase(GeoIpService.java:144)
	at org.bukkit.craftbukkit.v1_8_R3.scheduler.CraftTask.run(CraftTask.java:59)
	at org.bukkit.craftbukkit.v1_8_R3.scheduler.CraftAsyncTask.run(CraftAsyncTask.java:53)
	at org.github.paperspigot.ServerSchedulerReportingWrapper.run(ServerSchedulerReportingWrapper.java:23)
	at java.util.concurrent.ThreadPoolExecutor.runWorker(ThreadPoolExecutor.java:1149)
	at java.util.concurrent.ThreadPoolExecutor$Worker.run(ThreadPoolExecutor.java:624)
	at java.lang.Thread.run(Thread.java:750)

[04-19 16:48:29]: [INFO] SQLite Setup finished
[04-19 16:48:29]: [INFO] Hooked into LuckPerms!
[04-19 16:48:30]: [INFO] Hooked successfully into Essentials
[04-19 16:48:30]: [INFO] Essentials spawn file not found: '/home/runner/eaglercraft/server/plugins/Essentials/spawn.yml'
[04-19 16:48:30]: [WARN] WARNING! The protectInventory feature requires ProtocolLib! Disabling it...
[04-19 16:48:31]: [INFO] AuthMe 5.6.0-beta2 build n.2453 successfully enabled!
[04-19 16:48:33]: [INFO] Downloading GEO IP database, because the old database is older than 30 days or doesn't exist
[04-19 16:48:33]: [WARN] No MaxMind credentials found in the configuration file! GeoIp protections will be disabled.
[04-19 16:48:33]: [INFO] There is no newer GEO IP database uploaded to MaxMind. Using the old one for now.
[04-19 16:48:33]: [WARN] Could not download GeoLiteAPI database [FileNotFoundException]: plugins/AuthMe/GeoLite2-Country.mmdb (No such file or directory)
[04-19 16:48:33]: java.io.FileNotFoundException: plugins/AuthMe/GeoLite2-Country.mmdb (No such file or directory)
	at java.io.RandomAccessFile.open0(Native Method)
	at java.io.RandomAccessFile.open(RandomAccessFile.java:316)
	at java.io.RandomAccessFile.<init>(RandomAccessFile.java:243)
	at fr.xephi.authme.libs.com.maxmind.db.BufferHolder.<init>(BufferHolder.java:20)
	at fr.xephi.authme.libs.com.maxmind.db.Reader.<init>(Reader.java:121)
	at fr.xephi.authme.service.GeoIpService.startReading(GeoIpService.java:173)
	at fr.xephi.authme.service.GeoIpService.updateDatabase(GeoIpService.java:144)
	at org.bukkit.craftbukkit.v1_8_R3.scheduler.CraftTask.run(CraftTask.java:59)
	at org.bukkit.craftbukkit.v1_8_R3.scheduler.CraftAsyncTask.run(CraftAsyncTask.java:53)
	at org.github.paperspigot.ServerSchedulerReportingWrapper.run(ServerSchedulerReportingWrapper.java:23)
	at java.util.concurrent.ThreadPoolExecutor.runWorker(ThreadPoolExecutor.java:1149)
	at java.util.concurrent.ThreadPoolExecutor$Worker.run(ThreadPoolExecutor.java:624)
	at java.lang.Thread.run(Thread.java:750)

[04-19 17:06:07]: [INFO] SQLite Setup finished
[04-19 17:06:08]: [INFO] Hooked into LuckPerms!
[04-19 17:06:08]: [INFO] Hooked successfully into Essentials
[04-19 17:06:08]: [INFO] Essentials spawn file not found: '/home/runner/eaglercraft/server/plugins/Essentials/spawn.yml'
[04-19 17:06:08]: [WARN] WARNING! The protectInventory feature requires ProtocolLib! Disabling it...
[04-19 17:06:09]: [INFO] AuthMe 5.6.0-beta2 build n.2453 successfully enabled!
[04-19 17:06:11]: [INFO] Downloading GEO IP database, because the old database is older than 30 days or doesn't exist
[04-19 17:06:11]: [WARN] No MaxMind credentials found in the configuration file! GeoIp protections will be disabled.
[04-19 17:06:11]: [INFO] There is no newer GEO IP database uploaded to MaxMind. Using the old one for now.
[04-19 17:06:11]: [WARN] Could not download GeoLiteAPI database [FileNotFoundException]: plugins/AuthMe/GeoLite2-Country.mmdb (No such file or directory)
[04-19 17:06:11]: java.io.FileNotFoundException: plugins/AuthMe/GeoLite2-Country.mmdb (No such file or directory)
	at java.io.RandomAccessFile.open0(Native Method)
	at java.io.RandomAccessFile.open(RandomAccessFile.java:316)
	at java.io.RandomAccessFile.<init>(RandomAccessFile.java:243)
	at fr.xephi.authme.libs.com.maxmind.db.BufferHolder.<init>(BufferHolder.java:20)
	at fr.xephi.authme.libs.com.maxmind.db.Reader.<init>(Reader.java:121)
	at fr.xephi.authme.service.GeoIpService.startReading(GeoIpService.java:173)
	at fr.xephi.authme.service.GeoIpService.updateDatabase(GeoIpService.java:144)
	at org.bukkit.craftbukkit.v1_8_R3.scheduler.CraftTask.run(CraftTask.java:59)
	at org.bukkit.craftbukkit.v1_8_R3.scheduler.CraftAsyncTask.run(CraftAsyncTask.java:53)
	at org.github.paperspigot.ServerSchedulerReportingWrapper.run(ServerSchedulerReportingWrapper.java:23)
	at java.util.concurrent.ThreadPoolExecutor.runWorker(ThreadPoolExecutor.java:1149)
	at java.util.concurrent.ThreadPoolExecutor$Worker.run(ThreadPoolExecutor.java:624)
	at java.lang.Thread.run(Thread.java:750)

[04-19 18:23:05]: [INFO] SQLite Setup finished
[04-19 18:23:05]: [INFO] Hooked into LuckPerms!
[04-19 18:23:05]: [INFO] Hooked successfully into Essentials
[04-19 18:23:05]: [INFO] Essentials spawn file not found: '/home/runner/eaglercraft-2/server/plugins/Essentials/spawn.yml'
[04-19 18:23:05]: [WARN] WARNING! The protectInventory feature requires ProtocolLib! Disabling it...
[04-19 18:23:06]: [INFO] AuthMe 5.6.0-beta2 build n.2453 successfully enabled!
[04-19 18:23:07]: [INFO] Downloading GEO IP database, because the old database is older than 30 days or doesn't exist
[04-19 18:23:07]: [WARN] No MaxMind credentials found in the configuration file! GeoIp protections will be disabled.
[04-19 18:23:07]: [INFO] There is no newer GEO IP database uploaded to MaxMind. Using the old one for now.
[04-19 18:23:07]: [WARN] Could not download GeoLiteAPI database [FileNotFoundException]: plugins/AuthMe/GeoLite2-Country.mmdb (No such file or directory)
[04-19 18:23:07]: java.io.FileNotFoundException: plugins/AuthMe/GeoLite2-Country.mmdb (No such file or directory)
	at java.io.RandomAccessFile.open0(Native Method)
	at java.io.RandomAccessFile.open(RandomAccessFile.java:316)
	at java.io.RandomAccessFile.<init>(RandomAccessFile.java:243)
	at fr.xephi.authme.libs.com.maxmind.db.BufferHolder.<init>(BufferHolder.java:20)
	at fr.xephi.authme.libs.com.maxmind.db.Reader.<init>(Reader.java:121)
	at fr.xephi.authme.service.GeoIpService.startReading(GeoIpService.java:173)
	at fr.xephi.authme.service.GeoIpService.updateDatabase(GeoIpService.java:144)
	at org.bukkit.craftbukkit.v1_8_R3.scheduler.CraftTask.run(CraftTask.java:59)
	at org.bukkit.craftbukkit.v1_8_R3.scheduler.CraftAsyncTask.run(CraftAsyncTask.java:53)
	at org.github.paperspigot.ServerSchedulerReportingWrapper.run(ServerSchedulerReportingWrapper.java:23)
	at java.util.concurrent.ThreadPoolExecutor.runWorker(ThreadPoolExecutor.java:1149)
	at java.util.concurrent.ThreadPoolExecutor$Worker.run(ThreadPoolExecutor.java:624)
	at java.lang.Thread.run(Thread.java:750)

[04-19 18:32:43]: [FINE] Radleigh registered 127.0.0.1
[04-19 18:32:43]: [FINE] Radleigh logged in 127.0.0.1
[04-19 18:42:48]: [FINE] Radleigh logged in 127.0.0.1
[04-19 18:44:41]: [INFO] AuthMe 5.6.0-beta2-b2453 disabled!
[04-19 18:45:48]: [INFO] SQLite Setup finished
[04-19 18:45:48]: [INFO] Hooked into LuckPerms!
[04-19 18:45:49]: [INFO] Hooked successfully into Essentials
[04-19 18:45:49]: [INFO] Essentials spawn file not found: '/home/runner/eaglercraft-2/server/plugins/Essentials/spawn.yml'
[04-19 18:45:49]: [WARN] WARNING! The protectInventory feature requires ProtocolLib! Disabling it...
[04-19 18:45:49]: [INFO] AuthMe 5.6.0-beta2 build n.2453 successfully enabled!
[04-19 18:45:51]: [INFO] Downloading GEO IP database, because the old database is older than 30 days or doesn't exist
[04-19 18:45:51]: [WARN] No MaxMind credentials found in the configuration file! GeoIp protections will be disabled.
[04-19 18:45:51]: [INFO] There is no newer GEO IP database uploaded to MaxMind. Using the old one for now.
[04-19 18:45:51]: [WARN] Could not download GeoLiteAPI database [FileNotFoundException]: plugins/AuthMe/GeoLite2-Country.mmdb (No such file or directory)
[04-19 18:45:51]: java.io.FileNotFoundException: plugins/AuthMe/GeoLite2-Country.mmdb (No such file or directory)
	at java.io.RandomAccessFile.open0(Native Method)
	at java.io.RandomAccessFile.open(RandomAccessFile.java:316)
	at java.io.RandomAccessFile.<init>(RandomAccessFile.java:243)
	at fr.xephi.authme.libs.com.maxmind.db.BufferHolder.<init>(BufferHolder.java:20)
	at fr.xephi.authme.libs.com.maxmind.db.Reader.<init>(Reader.java:121)
	at fr.xephi.authme.service.GeoIpService.startReading(GeoIpService.java:173)
	at fr.xephi.authme.service.GeoIpService.updateDatabase(GeoIpService.java:144)
	at org.bukkit.craftbukkit.v1_8_R3.scheduler.CraftTask.run(CraftTask.java:59)
	at org.bukkit.craftbukkit.v1_8_R3.scheduler.CraftAsyncTask.run(CraftAsyncTask.java:53)
	at org.github.paperspigot.ServerSchedulerReportingWrapper.run(ServerSchedulerReportingWrapper.java:23)
	at java.util.concurrent.ThreadPoolExecutor.runWorker(ThreadPoolExecutor.java:1149)
	at java.util.concurrent.ThreadPoolExecutor$Worker.run(ThreadPoolExecutor.java:624)
	at java.lang.Thread.run(Thread.java:750)

[04-19 18:46:47]: [FINE] Radleigh logged in 127.0.0.1
[04-19 18:54:03]: [INFO] SQLite Setup finished
[04-19 18:54:03]: [INFO] Hooked into LuckPerms!
[04-19 18:54:03]: [INFO] Hooked successfully into Essentials
[04-19 18:54:03]: [INFO] Essentials spawn file not found: '/home/runner/eaglercraft-2/server/plugins/Essentials/spawn.yml'
[04-19 18:54:03]: [WARN] WARNING! The protectInventory feature requires ProtocolLib! Disabling it...
[04-19 18:54:04]: [INFO] AuthMe 5.6.0-beta2 build n.2453 successfully enabled!
[04-19 18:54:06]: [INFO] Downloading GEO IP database, because the old database is older than 30 days or doesn't exist
[04-19 18:54:06]: [WARN] No MaxMind credentials found in the configuration file! GeoIp protections will be disabled.
[04-19 18:54:06]: [INFO] There is no newer GEO IP database uploaded to MaxMind. Using the old one for now.
[04-19 18:54:06]: [WARN] Could not download GeoLiteAPI database [FileNotFoundException]: plugins/AuthMe/GeoLite2-Country.mmdb (No such file or directory)
[04-19 18:54:06]: java.io.FileNotFoundException: plugins/AuthMe/GeoLite2-Country.mmdb (No such file or directory)
	at java.io.RandomAccessFile.open0(Native Method)
	at java.io.RandomAccessFile.open(RandomAccessFile.java:316)
	at java.io.RandomAccessFile.<init>(RandomAccessFile.java:243)
	at fr.xephi.authme.libs.com.maxmind.db.BufferHolder.<init>(BufferHolder.java:20)
	at fr.xephi.authme.libs.com.maxmind.db.Reader.<init>(Reader.java:121)
	at fr.xephi.authme.service.GeoIpService.startReading(GeoIpService.java:173)
	at fr.xephi.authme.service.GeoIpService.updateDatabase(GeoIpService.java:144)
	at org.bukkit.craftbukkit.v1_8_R3.scheduler.CraftTask.run(CraftTask.java:59)
	at org.bukkit.craftbukkit.v1_8_R3.scheduler.CraftAsyncTask.run(CraftAsyncTask.java:53)
	at org.github.paperspigot.ServerSchedulerReportingWrapper.run(ServerSchedulerReportingWrapper.java:23)
	at java.util.concurrent.ThreadPoolExecutor.runWorker(ThreadPoolExecutor.java:1149)
	at java.util.concurrent.ThreadPoolExecutor$Worker.run(ThreadPoolExecutor.java:624)
	at java.lang.Thread.run(Thread.java:750)

[04-19 18:55:15]: [FINE] Radleigh logged in 127.0.0.1
[04-19 19:11:20]: [INFO] AuthMe 5.6.0-beta2-b2453 disabled!
[04-19 19:12:22]: [INFO] SQLite Setup finished
[04-19 19:12:22]: [INFO] Hooked into LuckPerms!
[04-19 19:12:22]: [INFO] Hooked successfully into Essentials
[04-19 19:12:22]: [INFO] Essentials spawn file not found: '/home/runner/eaglercraft-2/server/plugins/Essentials/spawn.yml'
[04-19 19:12:22]: [WARN] WARNING! The protectInventory feature requires ProtocolLib! Disabling it...
[04-19 19:12:23]: [INFO] AuthMe 5.6.0-beta2 build n.2453 successfully enabled!
[04-19 19:12:24]: [INFO] Downloading GEO IP database, because the old database is older than 30 days or doesn't exist
[04-19 19:12:24]: [WARN] No MaxMind credentials found in the configuration file! GeoIp protections will be disabled.
[04-19 19:12:24]: [INFO] There is no newer GEO IP database uploaded to MaxMind. Using the old one for now.
[04-19 19:12:24]: [WARN] Could not download GeoLiteAPI database [FileNotFoundException]: plugins/AuthMe/GeoLite2-Country.mmdb (No such file or directory)
[04-19 19:12:24]: java.io.FileNotFoundException: plugins/AuthMe/GeoLite2-Country.mmdb (No such file or directory)
	at java.io.RandomAccessFile.open0(Native Method)
	at java.io.RandomAccessFile.open(RandomAccessFile.java:316)
	at java.io.RandomAccessFile.<init>(RandomAccessFile.java:243)
	at fr.xephi.authme.libs.com.maxmind.db.BufferHolder.<init>(BufferHolder.java:20)
	at fr.xephi.authme.libs.com.maxmind.db.Reader.<init>(Reader.java:121)
	at fr.xephi.authme.service.GeoIpService.startReading(GeoIpService.java:173)
	at fr.xephi.authme.service.GeoIpService.updateDatabase(GeoIpService.java:144)
	at org.bukkit.craftbukkit.v1_8_R3.scheduler.CraftTask.run(CraftTask.java:59)
	at org.bukkit.craftbukkit.v1_8_R3.scheduler.CraftAsyncTask.run(CraftAsyncTask.java:53)
	at org.github.paperspigot.ServerSchedulerReportingWrapper.run(ServerSchedulerReportingWrapper.java:23)
	at java.util.concurrent.ThreadPoolExecutor.runWorker(ThreadPoolExecutor.java:1149)
	at java.util.concurrent.ThreadPoolExecutor$Worker.run(ThreadPoolExecutor.java:624)
	at java.lang.Thread.run(Thread.java:750)

[04-19 19:13:34]: [FINE] Radleigh used the wrong password
[04-19 19:13:47]: [FINE] Radleigh used the wrong password
[04-19 19:13:59]: [FINE] Radleigh used the wrong password
[04-19 19:17:22]: [INFO] AuthMe 5.6.0-beta2-b2453 disabled!
[04-19 19:18:15]: [INFO] SQLite Setup finished
[04-19 19:18:15]: [INFO] Hooked into LuckPerms!
[04-19 19:18:16]: [INFO] Hooked successfully into Essentials
[04-19 19:18:16]: [INFO] Essentials spawn file not found: '/home/runner/eaglercraft-2/server/plugins/Essentials/spawn.yml'
[04-19 19:18:16]: [WARN] WARNING! The protectInventory feature requires ProtocolLib! Disabling it...
[04-19 19:18:16]: [INFO] AuthMe 5.6.0-beta2 build n.2453 successfully enabled!
[04-19 19:18:17]: [INFO] Downloading GEO IP database, because the old database is older than 30 days or doesn't exist
[04-19 19:18:17]: [WARN] No MaxMind credentials found in the configuration file! GeoIp protections will be disabled.
[04-19 19:18:17]: [INFO] There is no newer GEO IP database uploaded to MaxMind. Using the old one for now.
[04-19 19:18:17]: [WARN] Could not download GeoLiteAPI database [FileNotFoundException]: plugins/AuthMe/GeoLite2-Country.mmdb (No such file or directory)
[04-19 19:18:17]: java.io.FileNotFoundException: plugins/AuthMe/GeoLite2-Country.mmdb (No such file or directory)
	at java.io.RandomAccessFile.open0(Native Method)
	at java.io.RandomAccessFile.open(RandomAccessFile.java:316)
	at java.io.RandomAccessFile.<init>(RandomAccessFile.java:243)
	at fr.xephi.authme.libs.com.maxmind.db.BufferHolder.<init>(BufferHolder.java:20)
	at fr.xephi.authme.libs.com.maxmind.db.Reader.<init>(Reader.java:121)
	at fr.xephi.authme.service.GeoIpService.startReading(GeoIpService.java:173)
	at fr.xephi.authme.service.GeoIpService.updateDatabase(GeoIpService.java:144)
	at org.bukkit.craftbukkit.v1_8_R3.scheduler.CraftTask.run(CraftTask.java:59)
	at org.bukkit.craftbukkit.v1_8_R3.scheduler.CraftAsyncTask.run(CraftAsyncTask.java:53)
	at org.github.paperspigot.ServerSchedulerReportingWrapper.run(ServerSchedulerReportingWrapper.java:23)
	at java.util.concurrent.ThreadPoolExecutor.runWorker(ThreadPoolExecutor.java:1149)
	at java.util.concurrent.ThreadPoolExecutor$Worker.run(ThreadPoolExecutor.java:624)
	at java.lang.Thread.run(Thread.java:750)

[04-19 19:22:11]: [INFO] SQLite Setup finished
[04-19 19:22:11]: [INFO] Hooked into LuckPerms!
[04-19 19:22:12]: [INFO] Hooked successfully into Essentials
[04-19 19:22:12]: [INFO] Essentials spawn file not found: '/home/runner/eaglercraft-2/server/plugins/Essentials/spawn.yml'
[04-19 19:22:12]: [WARN] WARNING! The protectInventory feature requires ProtocolLib! Disabling it...
[04-19 19:22:12]: [INFO] AuthMe 5.6.0-beta2 build n.2453 successfully enabled!
[04-19 19:22:14]: [INFO] Downloading GEO IP database, because the old database is older than 30 days or doesn't exist
[04-19 19:22:14]: [WARN] No MaxMind credentials found in the configuration file! GeoIp protections will be disabled.
[04-19 19:22:14]: [INFO] There is no newer GEO IP database uploaded to MaxMind. Using the old one for now.
[04-19 19:22:14]: [WARN] Could not download GeoLiteAPI database [FileNotFoundException]: plugins/AuthMe/GeoLite2-Country.mmdb (No such file or directory)
[04-19 19:22:14]: java.io.FileNotFoundException: plugins/AuthMe/GeoLite2-Country.mmdb (No such file or directory)
	at java.io.RandomAccessFile.open0(Native Method)
	at java.io.RandomAccessFile.open(RandomAccessFile.java:316)
	at java.io.RandomAccessFile.<init>(RandomAccessFile.java:243)
	at fr.xephi.authme.libs.com.maxmind.db.BufferHolder.<init>(BufferHolder.java:20)
	at fr.xephi.authme.libs.com.maxmind.db.Reader.<init>(Reader.java:121)
	at fr.xephi.authme.service.GeoIpService.startReading(GeoIpService.java:173)
	at fr.xephi.authme.service.GeoIpService.updateDatabase(GeoIpService.java:144)
	at org.bukkit.craftbukkit.v1_8_R3.scheduler.CraftTask.run(CraftTask.java:59)
	at org.bukkit.craftbukkit.v1_8_R3.scheduler.CraftAsyncTask.run(CraftAsyncTask.java:53)
	at org.github.paperspigot.ServerSchedulerReportingWrapper.run(ServerSchedulerReportingWrapper.java:23)
	at java.util.concurrent.ThreadPoolExecutor.runWorker(ThreadPoolExecutor.java:1149)
	at java.util.concurrent.ThreadPoolExecutor$Worker.run(ThreadPoolExecutor.java:624)
	at java.lang.Thread.run(Thread.java:750)

[04-19 19:25:52]: [FINE] Radleigh logged in 127.0.0.1
[04-19 19:29:55]: [INFO] AuthMe 5.6.0-beta2-b2453 disabled!
[04-20 06:34:26]: [INFO] SQLite Setup finished
[04-20 06:34:26]: [INFO] Hooked into LuckPerms!
[04-20 06:34:27]: [INFO] Hooked successfully into Essentials
[04-20 06:34:27]: [INFO] Essentials spawn file not found: '/home/runner/eaglercraft-2/server/plugins/Essentials/spawn.yml'
[04-20 06:34:27]: [WARN] WARNING! The protectInventory feature requires ProtocolLib! Disabling it...
[04-20 06:34:27]: [INFO] AuthMe 5.6.0-beta2 build n.2453 successfully enabled!
[04-20 06:34:29]: [INFO] Downloading GEO IP database, because the old database is older than 30 days or doesn't exist
[04-20 06:34:29]: [WARN] No MaxMind credentials found in the configuration file! GeoIp protections will be disabled.
[04-20 06:34:29]: [INFO] There is no newer GEO IP database uploaded to MaxMind. Using the old one for now.
[04-20 06:34:29]: [WARN] Could not download GeoLiteAPI database [FileNotFoundException]: plugins/AuthMe/GeoLite2-Country.mmdb (No such file or directory)
[04-20 06:34:29]: java.io.FileNotFoundException: plugins/AuthMe/GeoLite2-Country.mmdb (No such file or directory)
	at java.io.RandomAccessFile.open0(Native Method)
	at java.io.RandomAccessFile.open(RandomAccessFile.java:316)
	at java.io.RandomAccessFile.<init>(RandomAccessFile.java:243)
	at fr.xephi.authme.libs.com.maxmind.db.BufferHolder.<init>(BufferHolder.java:20)
	at fr.xephi.authme.libs.com.maxmind.db.Reader.<init>(Reader.java:121)
	at fr.xephi.authme.service.GeoIpService.startReading(GeoIpService.java:173)
	at fr.xephi.authme.service.GeoIpService.updateDatabase(GeoIpService.java:144)
	at org.bukkit.craftbukkit.v1_8_R3.scheduler.CraftTask.run(CraftTask.java:59)
	at org.bukkit.craftbukkit.v1_8_R3.scheduler.CraftAsyncTask.run(CraftAsyncTask.java:53)
	at org.github.paperspigot.ServerSchedulerReportingWrapper.run(ServerSchedulerReportingWrapper.java:23)
	at java.util.concurrent.ThreadPoolExecutor.runWorker(ThreadPoolExecutor.java:1149)
	at java.util.concurrent.ThreadPoolExecutor$Worker.run(ThreadPoolExecutor.java:624)
	at java.lang.Thread.run(Thread.java:750)

[04-20 06:42:23]: [INFO] SQLite Setup finished
[04-20 06:42:24]: [INFO] Hooked into LuckPerms!
[04-20 06:42:24]: [INFO] Hooked successfully into Essentials
[04-20 06:42:24]: [INFO] Essentials spawn file not found: '/home/runner/eaglercraft-2/server/plugins/Essentials/spawn.yml'
[04-20 06:42:24]: [WARN] WARNING! The protectInventory feature requires ProtocolLib! Disabling it...
[04-20 06:42:25]: [INFO] AuthMe 5.6.0-beta2 build n.2453 successfully enabled!
[04-20 06:50:45]: [INFO] SQLite Setup finished
[04-20 06:50:45]: [INFO] Hooked into LuckPerms!
[04-20 06:50:45]: [INFO] Hooked successfully into Essentials
[04-20 06:50:45]: [INFO] Essentials spawn file not found: '/home/runner/eaglercraft-2/server/plugins/Essentials/spawn.yml'
[04-20 06:50:45]: [WARN] WARNING! The protectInventory feature requires ProtocolLib! Disabling it...
[04-20 06:50:46]: [INFO] AuthMe 5.6.0-beta2 build n.2453 successfully enabled!
[04-20 06:50:47]: [INFO] Downloading GEO IP database, because the old database is older than 30 days or doesn't exist
[04-20 06:50:47]: [WARN] No MaxMind credentials found in the configuration file! GeoIp protections will be disabled.
[04-20 06:50:47]: [INFO] There is no newer GEO IP database uploaded to MaxMind. Using the old one for now.
[04-20 06:50:47]: [WARN] Could not download GeoLiteAPI database [FileNotFoundException]: plugins/AuthMe/GeoLite2-Country.mmdb (No such file or directory)
[04-20 06:50:47]: java.io.FileNotFoundException: plugins/AuthMe/GeoLite2-Country.mmdb (No such file or directory)
	at java.io.RandomAccessFile.open0(Native Method)
	at java.io.RandomAccessFile.open(RandomAccessFile.java:316)
	at java.io.RandomAccessFile.<init>(RandomAccessFile.java:243)
	at fr.xephi.authme.libs.com.maxmind.db.BufferHolder.<init>(BufferHolder.java:20)
	at fr.xephi.authme.libs.com.maxmind.db.Reader.<init>(Reader.java:121)
	at fr.xephi.authme.service.GeoIpService.startReading(GeoIpService.java:173)
	at fr.xephi.authme.service.GeoIpService.updateDatabase(GeoIpService.java:144)
	at org.bukkit.craftbukkit.v1_8_R3.scheduler.CraftTask.run(CraftTask.java:59)
	at org.bukkit.craftbukkit.v1_8_R3.scheduler.CraftAsyncTask.run(CraftAsyncTask.java:53)
	at org.github.paperspigot.ServerSchedulerReportingWrapper.run(ServerSchedulerReportingWrapper.java:23)
	at java.util.concurrent.ThreadPoolExecutor.runWorker(ThreadPoolExecutor.java:1149)
	at java.util.concurrent.ThreadPoolExecutor$Worker.run(ThreadPoolExecutor.java:624)
	at java.lang.Thread.run(Thread.java:750)

[04-20 06:56:37]: [FINE] Radleigh logged in 127.0.0.1
[04-20 06:58:51]: [INFO] SQLite Setup finished
[04-20 06:58:51]: [INFO] Hooked into LuckPerms!
[04-20 06:58:52]: [INFO] Hooked successfully into Essentials
[04-20 06:58:52]: [INFO] Essentials spawn file not found: '/home/runner/eaglercraft-2/server/plugins/Essentials/spawn.yml'
[04-20 06:58:52]: [WARN] WARNING! The protectInventory feature requires ProtocolLib! Disabling it...
[04-20 06:58:52]: [INFO] AuthMe 5.6.0-beta2 build n.2453 successfully enabled!
[04-20 06:58:54]: [INFO] Downloading GEO IP database, because the old database is older than 30 days or doesn't exist
[04-20 06:58:54]: [WARN] No MaxMind credentials found in the configuration file! GeoIp protections will be disabled.
[04-20 06:58:54]: [INFO] There is no newer GEO IP database uploaded to MaxMind. Using the old one for now.
[04-20 06:58:54]: [WARN] Could not download GeoLiteAPI database [FileNotFoundException]: plugins/AuthMe/GeoLite2-Country.mmdb (No such file or directory)
[04-20 06:58:54]: java.io.FileNotFoundException: plugins/AuthMe/GeoLite2-Country.mmdb (No such file or directory)
	at java.io.RandomAccessFile.open0(Native Method)
	at java.io.RandomAccessFile.open(RandomAccessFile.java:316)
	at java.io.RandomAccessFile.<init>(RandomAccessFile.java:243)
	at fr.xephi.authme.libs.com.maxmind.db.BufferHolder.<init>(BufferHolder.java:20)
	at fr.xephi.authme.libs.com.maxmind.db.Reader.<init>(Reader.java:121)
	at fr.xephi.authme.service.GeoIpService.startReading(GeoIpService.java:173)
	at fr.xephi.authme.service.GeoIpService.updateDatabase(GeoIpService.java:144)
	at org.bukkit.craftbukkit.v1_8_R3.scheduler.CraftTask.run(CraftTask.java:59)
	at org.bukkit.craftbukkit.v1_8_R3.scheduler.CraftAsyncTask.run(CraftAsyncTask.java:53)
	at org.github.paperspigot.ServerSchedulerReportingWrapper.run(ServerSchedulerReportingWrapper.java:23)
	at java.util.concurrent.ThreadPoolExecutor.runWorker(ThreadPoolExecutor.java:1149)
	at java.util.concurrent.ThreadPoolExecutor$Worker.run(ThreadPoolExecutor.java:624)
	at java.lang.Thread.run(Thread.java:750)

[04-20 07:00:59]: [INFO] SQLite Setup finished
[04-20 07:00:59]: [INFO] Hooked into LuckPerms!
[04-20 07:01:00]: [WARN] WARNING! The protectInventory feature requires ProtocolLib! Disabling it...
[04-20 07:01:00]: [INFO] AuthMe 5.6.0-beta2 build n.2453 successfully enabled!
[04-20 07:01:02]: [INFO] Downloading GEO IP database, because the old database is older than 30 days or doesn't exist
[04-20 07:01:02]: [WARN] No MaxMind credentials found in the configuration file! GeoIp protections will be disabled.
[04-20 07:01:02]: [INFO] There is no newer GEO IP database uploaded to MaxMind. Using the old one for now.
[04-20 07:01:02]: [WARN] Could not download GeoLiteAPI database [FileNotFoundException]: plugins/AuthMe/GeoLite2-Country.mmdb (No such file or directory)
[04-20 07:01:02]: java.io.FileNotFoundException: plugins/AuthMe/GeoLite2-Country.mmdb (No such file or directory)
	at java.io.RandomAccessFile.open0(Native Method)
	at java.io.RandomAccessFile.open(RandomAccessFile.java:316)
	at java.io.RandomAccessFile.<init>(RandomAccessFile.java:243)
	at fr.xephi.authme.libs.com.maxmind.db.BufferHolder.<init>(BufferHolder.java:20)
	at fr.xephi.authme.libs.com.maxmind.db.Reader.<init>(Reader.java:121)
	at fr.xephi.authme.service.GeoIpService.startReading(GeoIpService.java:173)
	at fr.xephi.authme.service.GeoIpService.updateDatabase(GeoIpService.java:144)
	at org.bukkit.craftbukkit.v1_8_R3.scheduler.CraftTask.run(CraftTask.java:59)
	at org.bukkit.craftbukkit.v1_8_R3.scheduler.CraftAsyncTask.run(CraftAsyncTask.java:53)
	at org.github.paperspigot.ServerSchedulerReportingWrapper.run(ServerSchedulerReportingWrapper.java:23)
	at java.util.concurrent.ThreadPoolExecutor.runWorker(ThreadPoolExecutor.java:1149)
	at java.util.concurrent.ThreadPoolExecutor$Worker.run(ThreadPoolExecutor.java:624)
	at java.lang.Thread.run(Thread.java:750)

[04-20 07:04:43]: [INFO] AuthMe 5.6.0-beta2-b2453 disabled!
[04-20 07:05:58]: [INFO] SQLite Setup finished
[04-20 07:05:58]: [INFO] Hooked into LuckPerms!
[04-20 07:05:59]: [WARN] WARNING! The protectInventory feature requires ProtocolLib! Disabling it...
[04-20 07:06:00]: [INFO] AuthMe 5.6.0-beta2 build n.2453 successfully enabled!
[04-20 07:06:01]: [INFO] Downloading GEO IP database, because the old database is older than 30 days or doesn't exist
[04-20 07:06:01]: [WARN] No MaxMind credentials found in the configuration file! GeoIp protections will be disabled.
[04-20 07:06:01]: [INFO] There is no newer GEO IP database uploaded to MaxMind. Using the old one for now.
[04-20 07:06:01]: [WARN] Could not download GeoLiteAPI database [FileNotFoundException]: plugins/AuthMe/GeoLite2-Country.mmdb (No such file or directory)
[04-20 07:06:01]: java.io.FileNotFoundException: plugins/AuthMe/GeoLite2-Country.mmdb (No such file or directory)
	at java.io.RandomAccessFile.open0(Native Method)
	at java.io.RandomAccessFile.open(RandomAccessFile.java:316)
	at java.io.RandomAccessFile.<init>(RandomAccessFile.java:243)
	at fr.xephi.authme.libs.com.maxmind.db.BufferHolder.<init>(BufferHolder.java:20)
	at fr.xephi.authme.libs.com.maxmind.db.Reader.<init>(Reader.java:121)
	at fr.xephi.authme.service.GeoIpService.startReading(GeoIpService.java:173)
	at fr.xephi.authme.service.GeoIpService.updateDatabase(GeoIpService.java:144)
	at org.bukkit.craftbukkit.v1_8_R3.scheduler.CraftTask.run(CraftTask.java:59)
	at org.bukkit.craftbukkit.v1_8_R3.scheduler.CraftAsyncTask.run(CraftAsyncTask.java:53)
	at org.github.paperspigot.ServerSchedulerReportingWrapper.run(ServerSchedulerReportingWrapper.java:23)
	at java.util.concurrent.ThreadPoolExecutor.runWorker(ThreadPoolExecutor.java:1149)
	at java.util.concurrent.ThreadPoolExecutor$Worker.run(ThreadPoolExecutor.java:624)
	at java.lang.Thread.run(Thread.java:750)

[04-20 07:09:19]: [INFO] SQLite Setup finished
[04-20 07:09:19]: [INFO] Hooked into LuckPerms!
[04-20 07:09:20]: [WARN] WARNING! The protectInventory feature requires ProtocolLib! Disabling it...
[04-20 07:09:20]: [INFO] AuthMe 5.6.0-beta2 build n.2453 successfully enabled!
[04-20 07:09:22]: [INFO] Downloading GEO IP database, because the old database is older than 30 days or doesn't exist
[04-20 07:09:22]: [WARN] No MaxMind credentials found in the configuration file! GeoIp protections will be disabled.
[04-20 07:09:22]: [INFO] There is no newer GEO IP database uploaded to MaxMind. Using the old one for now.
[04-20 07:09:22]: [WARN] Could not download GeoLiteAPI database [FileNotFoundException]: plugins/AuthMe/GeoLite2-Country.mmdb (No such file or directory)
[04-20 07:09:22]: java.io.FileNotFoundException: plugins/AuthMe/GeoLite2-Country.mmdb (No such file or directory)
	at java.io.RandomAccessFile.open0(Native Method)
	at java.io.RandomAccessFile.open(RandomAccessFile.java:316)
	at java.io.RandomAccessFile.<init>(RandomAccessFile.java:243)
	at fr.xephi.authme.libs.com.maxmind.db.BufferHolder.<init>(BufferHolder.java:20)
	at fr.xephi.authme.libs.com.maxmind.db.Reader.<init>(Reader.java:121)
	at fr.xephi.authme.service.GeoIpService.startReading(GeoIpService.java:173)
	at fr.xephi.authme.service.GeoIpService.updateDatabase(GeoIpService.java:144)
	at org.bukkit.craftbukkit.v1_8_R3.scheduler.CraftTask.run(CraftTask.java:59)
	at org.bukkit.craftbukkit.v1_8_R3.scheduler.CraftAsyncTask.run(CraftAsyncTask.java:53)
	at org.github.paperspigot.ServerSchedulerReportingWrapper.run(ServerSchedulerReportingWrapper.java:23)
	at java.util.concurrent.ThreadPoolExecutor.runWorker(ThreadPoolExecutor.java:1149)
	at java.util.concurrent.ThreadPoolExecutor$Worker.run(ThreadPoolExecutor.java:624)
	at java.lang.Thread.run(Thread.java:750)

[04-20 07:13:25]: [INFO] SQLite Setup finished
[04-20 07:13:25]: [INFO] Hooked into LuckPerms!
[04-20 07:13:26]: [WARN] WARNING! The protectInventory feature requires ProtocolLib! Disabling it...
[04-20 07:13:27]: [INFO] AuthMe 5.6.0-beta2 build n.2453 successfully enabled!
[04-20 07:13:28]: [INFO] Downloading GEO IP database, because the old database is older than 30 days or doesn't exist
[04-20 07:13:28]: [WARN] No MaxMind credentials found in the configuration file! GeoIp protections will be disabled.
[04-20 07:13:28]: [INFO] There is no newer GEO IP database uploaded to MaxMind. Using the old one for now.
[04-20 07:13:28]: [WARN] Could not download GeoLiteAPI database [FileNotFoundException]: plugins/AuthMe/GeoLite2-Country.mmdb (No such file or directory)
[04-20 07:13:28]: java.io.FileNotFoundException: plugins/AuthMe/GeoLite2-Country.mmdb (No such file or directory)
	at java.io.RandomAccessFile.open0(Native Method)
	at java.io.RandomAccessFile.open(RandomAccessFile.java:316)
	at java.io.RandomAccessFile.<init>(RandomAccessFile.java:243)
	at fr.xephi.authme.libs.com.maxmind.db.BufferHolder.<init>(BufferHolder.java:20)
	at fr.xephi.authme.libs.com.maxmind.db.Reader.<init>(Reader.java:121)
	at fr.xephi.authme.service.GeoIpService.startReading(GeoIpService.java:173)
	at fr.xephi.authme.service.GeoIpService.updateDatabase(GeoIpService.java:144)
	at org.bukkit.craftbukkit.v1_8_R3.scheduler.CraftTask.run(CraftTask.java:59)
	at org.bukkit.craftbukkit.v1_8_R3.scheduler.CraftAsyncTask.run(CraftAsyncTask.java:53)
	at org.github.paperspigot.ServerSchedulerReportingWrapper.run(ServerSchedulerReportingWrapper.java:23)
	at java.util.concurrent.ThreadPoolExecutor.runWorker(ThreadPoolExecutor.java:1149)
	at java.util.concurrent.ThreadPoolExecutor$Worker.run(ThreadPoolExecutor.java:624)
	at java.lang.Thread.run(Thread.java:750)

[04-20 07:15:10]: [INFO] SQLite Setup finished
[04-20 07:15:10]: [INFO] Hooked into LuckPerms!
[04-20 07:15:11]: [WARN] WARNING! The protectInventory feature requires ProtocolLib! Disabling it...
[04-20 07:15:11]: [INFO] AuthMe 5.6.0-beta2 build n.2453 successfully enabled!
[04-20 07:15:13]: [INFO] Downloading GEO IP database, because the old database is older than 30 days or doesn't exist
[04-20 07:15:13]: [WARN] No MaxMind credentials found in the configuration file! GeoIp protections will be disabled.
[04-20 07:15:13]: [INFO] There is no newer GEO IP database uploaded to MaxMind. Using the old one for now.
[04-20 07:15:13]: [WARN] Could not download GeoLiteAPI database [FileNotFoundException]: plugins/AuthMe/GeoLite2-Country.mmdb (No such file or directory)
[04-20 07:15:13]: java.io.FileNotFoundException: plugins/AuthMe/GeoLite2-Country.mmdb (No such file or directory)
	at java.io.RandomAccessFile.open0(Native Method)
	at java.io.RandomAccessFile.open(RandomAccessFile.java:316)
	at java.io.RandomAccessFile.<init>(RandomAccessFile.java:243)
	at fr.xephi.authme.libs.com.maxmind.db.BufferHolder.<init>(BufferHolder.java:20)
	at fr.xephi.authme.libs.com.maxmind.db.Reader.<init>(Reader.java:121)
	at fr.xephi.authme.service.GeoIpService.startReading(GeoIpService.java:173)
	at fr.xephi.authme.service.GeoIpService.updateDatabase(GeoIpService.java:144)
	at org.bukkit.craftbukkit.v1_8_R3.scheduler.CraftTask.run(CraftTask.java:59)
	at org.bukkit.craftbukkit.v1_8_R3.scheduler.CraftAsyncTask.run(CraftAsyncTask.java:53)
	at org.github.paperspigot.ServerSchedulerReportingWrapper.run(ServerSchedulerReportingWrapper.java:23)
	at java.util.concurrent.ThreadPoolExecutor.runWorker(ThreadPoolExecutor.java:1149)
	at java.util.concurrent.ThreadPoolExecutor$Worker.run(ThreadPoolExecutor.java:624)
	at java.lang.Thread.run(Thread.java:750)

